0 info it worked if it ends with ok
1 verbose cli [ 'C:\\Program Files\\nodejs\\node.exe',
1 verbose cli   'C:\\Program Files\\nodejs\\node_modules\\npm\\bin\\npm-cli.js',
1 verbose cli   'start' ]
2 info using npm@3.10.10
3 info using node@v7.3.0
4 verbose run-script [ 'prestart', 'start', 'poststart' ]
5 info lifecycle pybot@0.1.0~prestart: pybot@0.1.0
6 silly lifecycle pybot@0.1.0~prestart: no script for prestart, continuing
7 info lifecycle pybot@0.1.0~start: pybot@0.1.0
8 verbose lifecycle pybot@0.1.0~start: unsafe-perm in lifecycle true
9 verbose lifecycle pybot@0.1.0~start: PATH: C:\Program Files\nodejs\node_modules\npm\bin\node-gyp-bin;C:\Users\Dennis\Documents\code\botlab\pybot\node_modules\.bin;C:\Program Files\ConEmu;C:\Program Files\ConEmu\ConEmu;C:\Program Files (x86)\Intel\iCLS Client\;C:\Program Files\Intel\iCLS Client\;C:\WINDOWS\system32;C:\WINDOWS;C:\WINDOWS\System32\Wbem;C:\WINDOWS\System32\WindowsPowerShell\v1.0\;C:\Program Files (x86)\Intel\Intel(R) Management Engine Components\DAL;C:\Program Files\Intel\Intel(R) Management Engine Components\DAL;C:\Program Files (x86)\Intel\Intel(R) Management Engine Components\IPT;C:\Program Files\Intel\Intel(R) Management Engine Components\IPT;C:\Program Files\Intel\IntelSGXPSW\bin\x64\Release\;C:\Program Files\Intel\IntelSGXPSW\bin\win32\Release\;C:\Program Files (x86)\vim\vim74;C:\Program Files (x86)\Meld;C:\Program Files (x86)\PuTTY\;C:\Program Files\erl7.2.1\bin;C:\Users\Dennis\AppData\Roaming\npm;C:\Program Files (x86)\Microsoft VS Code\bin;C:\Users\Dennis\AppData\Local\Microsoft\WindowsApps;C:\ProgramData\chocolatey\lib\Elixir/bin;C:\Program Files\dotnet\;C:\HashiCorp\Vagrant\bin;C:\Program Files\Microsoft SQL Server\130\Tools\Binn\;C:\Program Files\Microsoft\Web Platform Installer\;C:\Program Files\Intel\WiFi\bin\;C:\Program Files\Common Files\Intel\WirelessCommon\;C:\ProgramData\chocolatey\bin;C:\Program Files\Java\jdk1.8.0_121\bin;C:\Program Files\nodejs\;C:\Program Files\Git\cmd;C:\WINDOWS\system32;C:\WINDOWS;C:\WINDOWS\System32\Wbem;C:\WINDOWS\System32\WindowsPowerShell\v1.0\;C:\Program Files (x86)\Git\cmd;C:\Program Files (x86)\GitExtensions\;C:\Users\Dennis\AppData\Local\Microsoft\WindowsApps;C:\Users\Dennis\AppData\Roaming\npm;C:\Program Files (x86)\Microsoft VS Code\bin
10 verbose lifecycle pybot@0.1.0~start: CWD: C:\Users\Dennis\Documents\code\botlab\pybot
11 silly lifecycle pybot@0.1.0~start: Args: [ '/d /s /c', 'python dist/api.py' ]
12 silly lifecycle pybot@0.1.0~start: Returned: code: 1  signal: null
13 info lifecycle pybot@0.1.0~start: Failed to exec start script
14 verbose stack Error: pybot@0.1.0 start: `python dist/api.py`
14 verbose stack Exit status 1
14 verbose stack     at EventEmitter.<anonymous> (C:\Program Files\nodejs\node_modules\npm\lib\utils\lifecycle.js:255:16)
14 verbose stack     at emitTwo (events.js:106:13)
14 verbose stack     at EventEmitter.emit (events.js:191:7)
14 verbose stack     at ChildProcess.<anonymous> (C:\Program Files\nodejs\node_modules\npm\lib\utils\spawn.js:40:14)
14 verbose stack     at emitTwo (events.js:106:13)
14 verbose stack     at ChildProcess.emit (events.js:191:7)
14 verbose stack     at maybeClose (internal/child_process.js:885:16)
14 verbose stack     at Process.ChildProcess._handle.onexit (internal/child_process.js:226:5)
15 verbose pkgid pybot@0.1.0
16 verbose cwd C:\Users\Dennis\Documents\code\botlab\pybot
17 error Windows_NT 10.0.15063
18 error argv "C:\\Program Files\\nodejs\\node.exe" "C:\\Program Files\\nodejs\\node_modules\\npm\\bin\\npm-cli.js" "start"
19 error node v7.3.0
20 error npm  v3.10.10
21 error code ELIFECYCLE
22 error pybot@0.1.0 start: `python dist/api.py`
22 error Exit status 1
23 error Failed at the pybot@0.1.0 start script 'python dist/api.py'.
23 error Make sure you have the latest version of node.js and npm installed.
23 error If you do, this is most likely a problem with the pybot package,
23 error not with npm itself.
23 error Tell the author that this fails on your system:
23 error     python dist/api.py
23 error You can get information on how to open an issue for this project with:
23 error     npm bugs pybot
23 error Or if that isn't available, you can get their info via:
23 error     npm owner ls pybot
23 error There is likely additional logging output above.
24 verbose exit [ 1, true ]
